[2021-05-25 14:28:51] local.ERROR: Use of undefined constant level - assumed 'level' (this will throw an Error in a future version of PHP) (View: /Users/samir/School/Code/2020_ADSD_Semester2_TeamB2/resources/views/admin/user/show.blade.php) {"userId":1,"exception":"[object] (Facade\\Ignition\\Exceptions\\ViewException(code: 0): Use of undefined constant level - assumed 'level' (this will throw an Error in a future version of PHP) (View: /Users/samir/School/Code/2020_ADSD_Semester2_TeamB2/resources/views/admin/user/show.blade.php) at /Users/samir/School/Code/2020_ADSD_Semester2_TeamB2/resources/views/admin/user/show.blade.php:73)
[stacktrace]
#0 /Users/samir/School/Code/2020_ADSD_Semester2_TeamB2/resources/views/admin/user/show.blade.php(73): Illuminate\\Foundation\\Bootstrap\\HandleExceptions->handleError(2, 'Use of undefine...', '/Users/samir/Sc...', 72, Array)
#1 /Users/samir/School/Code/2020_ADSD_Semester2_TeamB2/vendor/laravel/framework/src/Illuminate/Filesystem/Filesystem.php(107): require('/Users/samir/Sc...')
#2 /Users/samir/School/Code/2020_ADSD_Semester2_TeamB2/vendor/laravel/framework/src/Illuminate/Filesystem/Filesystem.php(108): Illuminate\\Filesystem\\Filesystem::Illuminate\\Filesystem\\{closure}()
#3 /Users/samir/School/Code/2020_ADSD_Semester2_TeamB2/vendor/laravel/framework/src/Illuminate/View/Engines/PhpEngine.php(58): Illuminate\\Filesystem\\Filesystem->getRequire('/Users/samir/Sc...', Array)
#4 /Users/samir/School/Code/2020_ADSD_Semester2_TeamB2/vendor/laravel/framework/src/Illuminate/View/Engines/CompilerEngine.php(61): Illuminate\\View\\Engines\\PhpEngine->evaluatePath('/Users/samir/Sc...', Array)
#5 /Users/samir/School/Code/2020_ADSD_Semester2_TeamB2/vendor/facade/ignition/src/Views/Engines/CompilerEngine.php(37): Illuminate\\View\\Engines\\CompilerEngine->get('/Users/samir/Sc...', Array)
#6 /Users/samir/School/Code/2020_ADSD_Semester2_TeamB2/vendor/laravel/framework/src/Illuminate/View/View.php(139): Facade\\Ignition\\Views\\Engines\\CompilerEngine->get('/Users/samir/Sc...', Array)
#7 /Users/samir/School/Code/2020_ADSD_Semester2_TeamB2/vendor/laravel/framework/src/Illuminate/View/View.php(122): Illuminate\\View\\View->getContents()
#8 /Users/samir/School/Code/2020_ADSD_Semester2_TeamB2/vendor/laravel/framework/src/Illuminate/View/View.php(91): Illuminate\\View\\View->renderContents()
#9 /Users/samir/School/Code/2020_ADSD_Semester2_TeamB2/vendor/laravel/framework/src/Illuminate/Http/Response.php(62): Illuminate\\View\\View->render()
#10 /Users/samir/School/Code/2020_ADSD_Semester2_TeamB2/vendor/laravel/framework/src/Illuminate/Http/Response.php(34): Illuminate\\Http\\Response->setContent(Object(Illuminate\\View\\View))
#11 /Users/samir/School/Code/2020_ADSD_Semester2_TeamB2/vendor/laravel/framework/src/Illuminate/Routing/Router.php(780): Illuminate\\Http\\Response->__construct(Object(Illuminate\\View\\View), 200, Array)
#12 /Users/samir/School/Code/2020_ADSD_Semester2_TeamB2/vendor/laravel/framework/src/Illuminate/Routing/Router.php(752): Illuminate\\Routing\\Router::toResponse(Object(Illuminate\\Http\\Request), Object(Illuminate\\View\\View))
#13 /Users/samir/School/Code/2020_ADSD_Semester2_TeamB2/vendor/laravel/framework/src/Illuminate/Routing/Router.php(692): Illuminate\\Routing\\Router->prepareResponse(Object(Illuminate\\Http\\Request), Object(Illuminate\\View\\View))
#14 /Users/samir/School/Code/2020_ADSD_Semester2_TeamB2/vendor/laravel/framework/src/Illuminate/Pipeline/Pipeline.php(128): Illuminate\\Routing\\Router->Illuminate\\Routing\\{closure}(Object(Illuminate\\Http\\Request))
#15 /Users/samir/School/Code/2020_ADSD_Semester2_TeamB2/app/Http/Middleware/LanguageConfigurator.php(16): Illuminate\\Pipeline\\Pipeline->Illuminate\\Pipeline\\{closure}(Object(Illuminate\\Http\\Request))
#16 /Users/samir/School/Code/2020_ADSD_Semester2_TeamB2/vendor/laravel/framework/src/Illuminate/Pipeline/Pipeline.php(167): App\\Http\\Middleware\\LanguageConfigurator->handle(Object(Illuminate\\Http\\Request), Object(Closure))
#17 /Users/samir/School/Code/2020_ADSD_Semester2_TeamB2/app/Http/Middleware/LastUserActivity.php(25): Illuminate\\Pipeline\\Pipeline->Illuminate\\Pipeline\\{closure}(Object(Illuminate\\Http\\Request))
#18 /Users/samir/School/Code/2020_ADSD_Semester2_TeamB2/vendor/laravel/framework/src/Illuminate/Pipeline/Pipeline.php(167): App\\Http\\Middleware\\LastUserActivity->handle(Object(Illuminate\\Http\\Request), Object(Closure))
#19 /Users/samir/School/Code/2020_ADSD_Semester2_TeamB2/app/Http/Middleware/AdminAuth.php(23): Illuminate\\Pipeline\\Pipeline->Illuminate\\Pipeline\\{closure}(Object(Illuminate\\Http\\Request))
#20 /Users/samir/School/Code/2020_ADSD_Semester2_TeamB2/vendor/laravel/framework/src/Illuminate/Pipeline/Pipeline.php(167): App\\Http\\Middleware\\AdminAuth->handle(Object(Illuminate\\Http\\Request), Object(Closure))
#21 /Users/samir/School/Code/2020_ADSD_Semester2_TeamB2/vendor/laravel/framework/src/Illuminate/Routing/Middleware/SubstituteBindings.php(41): Illuminate\\Pipeline\\Pipeline->Illuminate\\Pipeline\\{closure}(Object(Illuminate\\Http\\Request))
#22 /Users/samir/School/Code/2020_ADSD_Semester2_TeamB2/vendor/laravel/framework/src/Illuminate/Pipeline/Pipeline.php(167): Illuminate\\Routing\\Middleware\\SubstituteBindings->handle(Object(Illuminate\\Http\\Request), Object(Closure))
#23 /Users/samir/School/Code/2020_ADSD_Semester2_TeamB2/vendor/laravel/framework/src/Illuminate/Foundation/Http/Middleware/VerifyCsrfToken.php(78): Illuminate\\Pipeline\\Pipeline->Illuminate\\Pipeline\\{closure}(Object(Illuminate\\Http\\Request))
#24 /Users/samir/School/Code/2020_ADSD_Semester2_TeamB2/vendor/laravel/framework/src/Illuminate/Pipeline/Pipeline.php(167): Illuminate\\Foundation\\Http\\Middleware\\VerifyCsrfToken->handle(Object(Illuminate\\Http\\Request), Object(Closure))
#25 /Users/samir/School/Code/2020_ADSD_Semester2_TeamB2/vendor/laravel/framework/src/Illuminate/View/Middleware/ShareErrorsFromSession.php(49): Illuminate\\Pipeline\\Pipeline->Illuminate\\Pipeline\\{closure}(Object(Illuminate\\Http\\Request))
#26 /Users/samir/School/Code/2020_ADSD_Semester2_TeamB2/vendor/laravel/framework/src/Illuminate/Pipeline/Pipeline.php(167): Illuminate\\View\\Middleware\\ShareErrorsFromSession->handle(Object(Illuminate\\Http\\Request), Object(Closure))
#27 /Users/samir/School/Code/2020_ADSD_Semester2_TeamB2/vendor/laravel/framework/src/Illuminate/Session/Middleware/StartSession.php(121): Illuminate\\Pipeline\\Pipeline->Illuminate\\Pipeline\\{closure}(Object(Illuminate\\Http\\Request))
#28 /Users/samir/School/Code/2020_ADSD_Semester2_TeamB2/vendor/laravel/framework/src/Illuminate/Session/Middleware/StartSession.php(63): Illuminate\\Session\\Middleware\\StartSession->handleStatefulRequest(Object(Illuminate\\Http\\Request), Object(Illuminate\\Session\\Store), Object(Closure))
#29 /Users/samir/School/Code/2020_ADSD_Semester2_TeamB2/vendor/laravel/framework/src/Illuminate/Pipeline/Pipeline.php(167): Illuminate\\Session\\Middleware\\StartSession->handle(Object(Illuminate\\Http\\Request), Object(Closure))
#30 /Users/samir/School/Code/2020_ADSD_Semester2_TeamB2/vendor/laravel/framework/src/Illuminate/Cookie/Middleware/AddQueuedCookiesToResponse.php(37): Illuminate\\Pipeline\\Pipeline->Illuminate\\Pipeline\\{closure}(Object(Illuminate\\Http\\Request))
#31 /Users/samir/School/Code/2020_ADSD_Semester2_TeamB2/vendor/laravel/framework/src/Illuminate/Pipeline/Pipeline.php(167): Illuminate\\Cookie\\Middleware\\AddQueuedCookiesToResponse->handle(Object(Illuminate\\Http\\Request), Object(Closure))
#32 /Users/samir/School/Code/2020_ADSD_Semester2_TeamB2/vendor/laravel/framework/src/Illuminate/Cookie/Middleware/EncryptCookies.php(67): Illuminate\\Pipeline\\Pipeline->Illuminate\\Pipeline\\{closure}(Object(Illuminate\\Http\\Request))
#33 /Users/samir/School/Code/2020_ADSD_Semester2_TeamB2/vendor/laravel/framework/src/Illuminate/Pipeline/Pipeline.php(167): Illuminate\\Cookie\\Middleware\\EncryptCookies->handle(Object(Illuminate\\Http\\Request), Object(Closure))
#34 /Users/samir/School/Code/2020_ADSD_Semester2_TeamB2/vendor/laravel/framework/src/Illuminate/Pipeline/Pipeline.php(103): Illuminate\\Pipeline\\Pipeline->Illuminate\\Pipeline\\{closure}(Object(Illuminate\\Http\\Request))
#35 /Users/samir/School/Code/2020_ADSD_Semester2_TeamB2/vendor/laravel/framework/src/Illuminate/Routing/Router.php(694): Illuminate\\Pipeline\\Pipeline->then(Object(Closure))
#36 /Users/samir/School/Code/2020_ADSD_Semester2_TeamB2/vendor/laravel/framework/src/Illuminate/Routing/Router.php(669): Illuminate\\Routing\\Router->runRouteWithinStack(Object(Illuminate\\Routing\\Route), Object(Illuminate\\Http\\Request))
#37 /Users/samir/School/Code/2020_ADSD_Semester2_TeamB2/vendor/laravel/framework/src/Illuminate/Routing/Router.php(635): Illuminate\\Routing\\Router->runRoute(Object(Illuminate\\Http\\Request), Object(Illuminate\\Routing\\Route))
#38 /Users/samir/School/Code/2020_ADSD_Semester2_TeamB2/vendor/laravel/framework/src/Illuminate/Routing/Router.php(624): Illuminate\\Routing\\Router->dispatchToRoute(Object(Illuminate\\Http\\Request))
#39 /Users/samir/School/Code/2020_ADSD_Semester2_TeamB2/vendor/laravel/framework/src/Illuminate/Foundation/Http/Kernel.php(166): Illuminate\\Routing\\Router->dispatch(Object(Illuminate\\Http\\Request))
#40 /Users/samir/School/Code/2020_ADSD_Semester2_TeamB2/vendor/laravel/framework/src/Illuminate/Pipeline/Pipeline.php(128): Illuminate\\Foundation\\Http\\Kernel->Illuminate\\Foundation\\Http\\{closure}(Object(Illuminate\\Http\\Request))
#41 /Users/samir/School/Code/2020_ADSD_Semester2_TeamB2/vendor/barryvdh/laravel-debugbar/src/Middleware/InjectDebugbar.php(67): Illuminate\\Pipeline\\Pipeline->Illuminate\\Pipeline\\{closure}(Object(Illuminate\\Http\\Request))
#42 /Users/samir/School/Code/2020_ADSD_Semester2_TeamB2/vendor/laravel/framework/src/Illuminate/Pipeline/Pipeline.php(167): Barryvdh\\Debugbar\\Middleware\\InjectDebugbar->handle(Object(Illuminate\\Http\\Request), Object(Closure))
#43 /Users/samir/School/Code/2020_ADSD_Semester2_TeamB2/vendor/laravel/framework/src/Illuminate/Foundation/Http/Middleware/TransformsRequest.php(21): Illuminate\\Pipeline\\Pipeline->Illuminate\\Pipeline\\{closure}(Object(Illuminate\\Http\\Request))
#44 /Users/samir/School/Code/2020_ADSD_Semester2_TeamB2/vendor/laravel/framework/src/Illuminate/Pipeline/Pipeline.php(167): Illuminate\\Foundation\\Http\\Middleware\\TransformsRequest->handle(Object(Illuminate\\Http\\Request), Object(Closure))
#45 /Users/samir/School/Code/2020_ADSD_Semester2_TeamB2/vendor/laravel/framework/src/Illuminate/Foundation/Http/Middleware/TransformsRequest.php(21): Illuminate\\Pipeline\\Pipeline->Illuminate\\Pipeline\\{closure}(Object(Illuminate\\Http\\Request))
#46 /Users/samir/School/Code/2020_ADSD_Semester2_TeamB2/vendor/laravel/framework/src/Illuminate/Pipeline/Pipeline.php(167): Illuminate\\Foundation\\Http\\Middleware\\TransformsRequest->handle(Object(Illuminate\\Http\\Request), Object(Closure))
#47 /Users/samir/School/Code/2020_ADSD_Semester2_TeamB2/vendor/laravel/framework/src/Illuminate/Foundation/Http/Middleware/ValidatePostSize.php(27): Illuminate\\Pipeline\\Pipeline->Illuminate\\Pipeline\\{closure}(Object(Illuminate\\Http\\Request))
#48 /Users/samir/School/Code/2020_ADSD_Semester2_TeamB2/vendor/laravel/framework/src/Illuminate/Pipeline/Pipeline.php(167): Illuminate\\Foundation\\Http\\Middleware\\ValidatePostSize->handle(Object(Illuminate\\Http\\Request), Object(Closure))
#49 /Users/samir/School/Code/2020_ADSD_Semester2_TeamB2/vendor/laravel/framework/src/Illuminate/Foundation/Http/Middleware/PreventRequestsDuringMaintenance.php(86): Illuminate\\Pipeline\\Pipeline->Illuminate\\Pipeline\\{closure}(Object(Illuminate\\Http\\Request))
#50 /Users/samir/School/Code/2020_ADSD_Semester2_TeamB2/vendor/laravel/framework/src/Illuminate/Pipeline/Pipeline.php(167): Illuminate\\Foundation\\Http\\Middleware\\PreventRequestsDuringMaintenance->handle(Object(Illuminate\\Http\\Request), Object(Closure))
#51 /Users/samir/School/Code/2020_ADSD_Semester2_TeamB2/vendor/fruitcake/laravel-cors/src/HandleCors.php(37): Illuminate\\Pipeline\\Pipeline->Illuminate\\Pipeline\\{closure}(Object(Illuminate\\Http\\Request))
#52 /Users/samir/School/Code/2020_ADSD_Semester2_TeamB2/vendor/laravel/framework/src/Illuminate/Pipeline/Pipeline.php(167): Fruitcake\\Cors\\HandleCors->handle(Object(Illuminate\\Http\\Request), Object(Closure))
#53 /Users/samir/School/Code/2020_ADSD_Semester2_TeamB2/vendor/fideloper/proxy/src/TrustProxies.php(57): Illuminate\\Pipeline\\Pipeline->Illuminate\\Pipeline\\{closure}(Object(Illuminate\\Http\\Request))
#54 /Users/samir/School/Code/2020_ADSD_Semester2_TeamB2/vendor/laravel/framework/src/Illuminate/Pipeline/Pipeline.php(167): Fideloper\\Proxy\\TrustProxies->handle(Object(Illuminate\\Http\\Request), Object(Closure))
#55 /Users/samir/School/Code/2020_ADSD_Semester2_TeamB2/vendor/laravel/framework/src/Illuminate/Pipeline/Pipeline.php(103): Illuminate\\Pipeline\\Pipeline->Illuminate\\Pipeline\\{closure}(Object(Illuminate\\Http\\Request))
#56 /Users/samir/School/Code/2020_ADSD_Semester2_TeamB2/vendor/laravel/framework/src/Illuminate/Foundation/Http/Kernel.php(141): Illuminate\\Pipeline\\Pipeline->then(Object(Closure))
#57 /Users/samir/School/Code/2020_ADSD_Semester2_TeamB2/vendor/laravel/framework/src/Illuminate/Foundation/Http/Kernel.php(110): Illuminate\\Foundation\\Http\\Kernel->sendRequestThroughRouter(Object(Illuminate\\Http\\Request))
#58 /Users/samir/School/Code/2020_ADSD_Semester2_TeamB2/public/index.php(52): Illuminate\\Foundation\\Http\\Kernel->handle(Object(Illuminate\\Http\\Request))
#59 /Users/samir/School/Code/2020_ADSD_Semester2_TeamB2/server.php(21): require_once('/Users/samir/Sc...')
#60 {main}

[previous exception] [object] (ErrorException(code: 0): Use of undefined constant level - assumed 'level' (this will throw an Error in a future version of PHP) at /Users/samir/School/Code/2020_ADSD_Semester2_TeamB2/storage/framework/views/903aacfb06f1b2f58fe5ba2785fdac75a511f3ee.php:72)
[stacktrace]
#0 /Users/samir/School/Code/2020_ADSD_Semester2_TeamB2/storage/framework/views/903aacfb06f1b2f58fe5ba2785fdac75a511f3ee.php(72): Illuminate\\Foundation\\Bootstrap\\HandleExceptions->handleError(2, 'Use of undefine...', '/Users/samir/Sc...', 72, Array)
#1 /Users/samir/School/Code/2020_ADSD_Semester2_TeamB2/vendor/laravel/framework/src/Illuminate/Filesystem/Filesystem.php(107): require('/Users/samir/Sc...')
#2 /Users/samir/School/Code/2020_ADSD_Semester2_TeamB2/vendor/laravel/framework/src/Illuminate/Filesystem/Filesystem.php(108): Illuminate\\Filesystem\\Filesystem::Illuminate\\Filesystem\\{closure}()
#3 /Users/samir/School/Code/2020_ADSD_Semester2_TeamB2/vendor/laravel/framework/src/Illuminate/View/Engines/PhpEngine.php(58): Illuminate\\Filesystem\\Filesystem->getRequire('/Users/samir/Sc...', Array)
#4 /Users/samir/School/Code/2020_ADSD_Semester2_TeamB2/vendor/laravel/framework/src/Illuminate/View/Engines/CompilerEngine.php(61): Illuminate\\View\\Engines\\PhpEngine->evaluatePath('/Users/samir/Sc...', Array)
#5 /Users/samir/School/Code/2020_ADSD_Semester2_TeamB2/vendor/facade/ignition/src/Views/Engines/CompilerEngine.php(37): Illuminate\\View\\Engines\\CompilerEngine->get('/Users/samir/Sc...', Array)
#6 /Users/samir/School/Code/2020_ADSD_Semester2_TeamB2/vendor/laravel/framework/src/Illuminate/View/View.php(139): Facade\\Ignition\\Views\\Engines\\CompilerEngine->get('/Users/samir/Sc...', Array)
#7 /Users/samir/School/Code/2020_ADSD_Semester2_TeamB2/vendor/laravel/framework/src/Illuminate/View/View.php(122): Illuminate\\View\\View->getContents()
#8 /Users/samir/School/Code/2020_ADSD_Semester2_TeamB2/vendor/laravel/framework/src/Illuminate/View/View.php(91): Illuminate\\View\\View->renderContents()
#9 /Users/samir/School/Code/2020_ADSD_Semester2_TeamB2/vendor/laravel/framework/src/Illuminate/Http/Response.php(62): Illuminate\\View\\View->render()
#10 /Users/samir/School/Code/2020_ADSD_Semester2_TeamB2/vendor/laravel/framework/src/Illuminate/Http/Response.php(34): Illuminate\\Http\\Response->setContent(Object(Illuminate\\View\\View))
#11 /Users/samir/School/Code/2020_ADSD_Semester2_TeamB2/vendor/laravel/framework/src/Illuminate/Routing/Router.php(780): Illuminate\\Http\\Response->__construct(Object(Illuminate\\View\\View), 200, Array)
#12 /Users/samir/School/Code/2020_ADSD_Semester2_TeamB2/vendor/laravel/framework/src/Illuminate/Routing/Router.php(752): Illuminate\\Routing\\Router::toResponse(Object(Illuminate\\Http\\Request), Object(Illuminate\\View\\View))
#13 /Users/samir/School/Code/2020_ADSD_Semester2_TeamB2/vendor/laravel/framework/src/Illuminate/Routing/Router.php(692): Illuminate\\Routing\\Router->prepareResponse(Object(Illuminate\\Http\\Request), Object(Illuminate\\View\\View))
#14 /Users/samir/School/Code/2020_ADSD_Semester2_TeamB2/vendor/laravel/framework/src/Illuminate/Pipeline/Pipeline.php(128): Illuminate\\Routing\\Router->Illuminate\\Routing\\{closure}(Object(Illuminate\\Http\\Request))
#15 /Users/samir/School/Code/2020_ADSD_Semester2_TeamB2/app/Http/Middleware/LanguageConfigurator.php(16): Illuminate\\Pipeline\\Pipeline->Illuminate\\Pipeline\\{closure}(Object(Illuminate\\Http\\Request))
#16 /Users/samir/School/Code/2020_ADSD_Semester2_TeamB2/vendor/laravel/framework/src/Illuminate/Pipeline/Pipeline.php(167): App\\Http\\Middleware\\LanguageConfigurator->handle(Object(Illuminate\\Http\\Request), Object(Closure))
#17 /Users/samir/School/Code/2020_ADSD_Semester2_TeamB2/app/Http/Middleware/LastUserActivity.php(25): Illuminate\\Pipeline\\Pipeline->Illuminate\\Pipeline\\{closure}(Object(Illuminate\\Http\\Request))
#18 /Users/samir/School/Code/2020_ADSD_Semester2_TeamB2/vendor/laravel/framework/src/Illuminate/Pipeline/Pipeline.php(167): App\\Http\\Middleware\\LastUserActivity->handle(Object(Illuminate\\Http\\Request), Object(Closure))
#19 /Users/samir/School/Code/2020_ADSD_Semester2_TeamB2/app/Http/Middleware/AdminAuth.php(23): Illuminate\\Pipeline\\Pipeline->Illuminate\\Pipeline\\{closure}(Object(Illuminate\\Http\\Request))
#20 /Users/samir/School/Code/2020_ADSD_Semester2_TeamB2/vendor/laravel/framework/src/Illuminate/Pipeline/Pipeline.php(167): App\\Http\\Middleware\\AdminAuth->handle(Object(Illuminate\\Http\\Request), Object(Closure))
#21 /Users/samir/School/Code/2020_ADSD_Semester2_TeamB2/vendor/laravel/framework/src/Illuminate/Routing/Middleware/SubstituteBindings.php(41): Illuminate\\Pipeline\\Pipeline->Illuminate\\Pipeline\\{closure}(Object(Illuminate\\Http\\Request))
#22 /Users/samir/School/Code/2020_ADSD_Semester2_TeamB2/vendor/laravel/framework/src/Illuminate/Pipeline/Pipeline.php(167): Illuminate\\Routing\\Middleware\\SubstituteBindings->handle(Object(Illuminate\\Http\\Request), Object(Closure))
#23 /Users/samir/School/Code/2020_ADSD_Semester2_TeamB2/vendor/laravel/framework/src/Illuminate/Foundation/Http/Middleware/VerifyCsrfToken.php(78): Illuminate\\Pipeline\\Pipeline->Illuminate\\Pipeline\\{closure}(Object(Illuminate\\Http\\Request))
#24 /Users/samir/School/Code/2020_ADSD_Semester2_TeamB2/vendor/laravel/framework/src/Illuminate/Pipeline/Pipeline.php(167): Illuminate\\Foundation\\Http\\Middleware\\VerifyCsrfToken->handle(Object(Illuminate\\Http\\Request), Object(Closure))
#25 /Users/samir/School/Code/2020_ADSD_Semester2_TeamB2/vendor/laravel/framework/src/Illuminate/View/Middleware/ShareErrorsFromSession.php(49): Illuminate\\Pipeline\\Pipeline->Illuminate\\Pipeline\\{closure}(Object(Illuminate\\Http\\Request))
#26 /Users/samir/School/Code/2020_ADSD_Semester2_TeamB2/vendor/laravel/framework/src/Illuminate/Pipeline/Pipeline.php(167): Illuminate\\View\\Middleware\\ShareErrorsFromSession->handle(Object(Illuminate\\Http\\Request), Object(Closure))
#27 /Users/samir/School/Code/2020_ADSD_Semester2_TeamB2/vendor/laravel/framework/src/Illuminate/Session/Middleware/StartSession.php(121): Illuminate\\Pipeline\\Pipeline->Illuminate\\Pipeline\\{closure}(Object(Illuminate\\Http\\Request))
#28 /Users/samir/School/Code/2020_ADSD_Semester2_TeamB2/vendor/laravel/framework/src/Illuminate/Session/Middleware/StartSession.php(63): Illuminate\\Session\\Middleware\\StartSession->handleStatefulRequest(Object(Illuminate\\Http\\Request), Object(Illuminate\\Session\\Store), Object(Closure))
#29 /Users/samir/School/Code/2020_ADSD_Semester2_TeamB2/vendor/laravel/framework/src/Illuminate/Pipeline/Pipeline.php(167): Illuminate\\Session\\Middleware\\StartSession->handle(Object(Illuminate\\Http\\Request), Object(Closure))
#30 /Users/samir/School/Code/2020_ADSD_Semester2_TeamB2/vendor/laravel/framework/src/Illuminate/Cookie/Middleware/AddQueuedCookiesToResponse.php(37): Illuminate\\Pipeline\\Pipeline->Illuminate\\Pipeline\\{closure}(Object(Illuminate\\Http\\Request))
#31 /Users/samir/School/Code/2020_ADSD_Semester2_TeamB2/vendor/laravel/framework/src/Illuminate/Pipeline/Pipeline.php(167): Illuminate\\Cookie\\Middleware\\AddQueuedCookiesToResponse->handle(Object(Illuminate\\Http\\Request), Object(Closure))
#32 /Users/samir/School/Code/2020_ADSD_Semester2_TeamB2/vendor/laravel/framework/src/Illuminate/Cookie/Middleware/EncryptCookies.php(67): Illuminate\\Pipeline\\Pipeline->Illuminate\\Pipeline\\{closure}(Object(Illuminate\\Http\\Request))
#33 /Users/samir/School/Code/2020_ADSD_Semester2_TeamB2/vendor/laravel/framework/src/Illuminate/Pipeline/Pipeline.php(167): Illuminate\\Cookie\\Middleware\\EncryptCookies->handle(Object(Illuminate\\Http\\Request), Object(Closure))
#34 /Users/samir/School/Code/2020_ADSD_Semester2_TeamB2/vendor/laravel/framework/src/Illuminate/Pipeline/Pipeline.php(103): Illuminate\\Pipeline\\Pipeline->Illuminate\\Pipeline\\{closure}(Object(Illuminate\\Http\\Request))
#35 /Users/samir/School/Code/2020_ADSD_Semester2_TeamB2/vendor/laravel/framework/src/Illuminate/Routing/Router.php(694): Illuminate\\Pipeline\\Pipeline->then(Object(Closure))
#36 /Users/samir/School/Code/2020_ADSD_Semester2_TeamB2/vendor/laravel/framework/src/Illuminate/Routing/Router.php(669): Illuminate\\Routing\\Router->runRouteWithinStack(Object(Illuminate\\Routing\\Route), Object(Illuminate\\Http\\Request))
#37 /Users/samir/School/Code/2020_ADSD_Semester2_TeamB2/vendor/laravel/framework/src/Illuminate/Routing/Router.php(635): Illuminate\\Routing\\Router->runRoute(Object(Illuminate\\Http\\Request), Object(Illuminate\\Routing\\Route))
#38 /Users/samir/School/Code/2020_ADSD_Semester2_TeamB2/vendor/laravel/framework/src/Illuminate/Routing/Router.php(624): Illuminate\\Routing\\Router->dispatchToRoute(Object(Illuminate\\Http\\Request))
#39 /Users/samir/School/Code/2020_ADSD_Semester2_TeamB2/vendor/laravel/framework/src/Illuminate/Foundation/Http/Kernel.php(166): Illuminate\\Routing\\Router->dispatch(Object(Illuminate\\Http\\Request))
#40 /Users/samir/School/Code/2020_ADSD_Semester2_TeamB2/vendor/laravel/framework/src/Illuminate/Pipeline/Pipeline.php(128): Illuminate\\Foundation\\Http\\Kernel->Illuminate\\Foundation\\Http\\{closure}(Object(Illuminate\\Http\\Request))
#41 /Users/samir/School/Code/2020_ADSD_Semester2_TeamB2/vendor/barryvdh/laravel-debugbar/src/Middleware/InjectDebugbar.php(67): Illuminate\\Pipeline\\Pipeline->Illuminate\\Pipeline\\{closure}(Object(Illuminate\\Http\\Request))
#42 /Users/samir/School/Code/2020_ADSD_Semester2_TeamB2/vendor/laravel/framework/src/Illuminate/Pipeline/Pipeline.php(167): Barryvdh\\Debugbar\\Middleware\\InjectDebugbar->handle(Object(Illuminate\\Http\\Request), Object(Closure))
#43 /Users/samir/School/Code/2020_ADSD_Semester2_TeamB2/vendor/laravel/framework/src/Illuminate/Foundation/Http/Middleware/TransformsRequest.php(21): Illuminate\\Pipeline\\Pipeline->Illuminate\\Pipeline\\{closure}(Object(Illuminate\\Http\\Request))
#44 /Users/samir/School/Code/2020_ADSD_Semester2_TeamB2/vendor/laravel/framework/src/Illuminate/Pipeline/Pipeline.php(167): Illuminate\\Foundation\\Http\\Middleware\\TransformsRequest->handle(Object(Illuminate\\Http\\Request), Object(Closure))
#45 /Users/samir/School/Code/2020_ADSD_Semester2_TeamB2/vendor/laravel/framework/src/Illuminate/Foundation/Http/Middleware/TransformsRequest.php(21): Illuminate\\Pipeline\\Pipeline->Illuminate\\Pipeline\\{closure}(Object(Illuminate\\Http\\Request))
#46 /Users/samir/School/Code/2020_ADSD_Semester2_TeamB2/vendor/laravel/framework/src/Illuminate/Pipeline/Pipeline.php(167): Illuminate\\Foundation\\Http\\Middleware\\TransformsRequest->handle(Object(Illuminate\\Http\\Request), Object(Closure))
#47 /Users/samir/School/Code/2020_ADSD_Semester2_TeamB2/vendor/laravel/framework/src/Illuminate/Foundation/Http/Middleware/ValidatePostSize.php(27): Illuminate\\Pipeline\\Pipeline->Illuminate\\Pipeline\\{closure}(Object(Illuminate\\Http\\Request))
#48 /Users/samir/School/Code/2020_ADSD_Semester2_TeamB2/vendor/laravel/framework/src/Illuminate/Pipeline/Pipeline.php(167): Illuminate\\Foundation\\Http\\Middleware\\ValidatePostSize->handle(Object(Illuminate\\Http\\Request), Object(Closure))
#49 /Users/samir/School/Code/2020_ADSD_Semester2_TeamB2/vendor/laravel/framework/src/Illuminate/Foundation/Http/Middleware/PreventRequestsDuringMaintenance.php(86): Illuminate\\Pipeline\\Pipeline->Illuminate\\Pipeline\\{closure}(Object(Illuminate\\Http\\Request))
#50 /Users/samir/School/Code/2020_ADSD_Semester2_TeamB2/vendor/laravel/framework/src/Illuminate/Pipeline/Pipeline.php(167): Illuminate\\Foundation\\Http\\Middleware\\PreventRequestsDuringMaintenance->handle(Object(Illuminate\\Http\\Request), Object(Closure))
#51 /Users/samir/School/Code/2020_ADSD_Semester2_TeamB2/vendor/fruitcake/laravel-cors/src/HandleCors.php(37): Illuminate\\Pipeline\\Pipeline->Illuminate\\Pipeline\\{closure}(Object(Illuminate\\Http\\Request))
#52 /Users/samir/School/Code/2020_ADSD_Semester2_TeamB2/vendor/laravel/framework/src/Illuminate/Pipeline/Pipeline.php(167): Fruitcake\\Cors\\HandleCors->handle(Object(Illuminate\\Http\\Request), Object(Closure))
#53 /Users/samir/School/Code/2020_ADSD_Semester2_TeamB2/vendor/fideloper/proxy/src/TrustProxies.php(57): Illuminate\\Pipeline\\Pipeline->Illuminate\\Pipeline\\{closure}(Object(Illuminate\\Http\\Request))
#54 /Users/samir/School/Code/2020_ADSD_Semester2_TeamB2/vendor/laravel/framework/src/Illuminate/Pipeline/Pipeline.php(167): Fideloper\\Proxy\\TrustProxies->handle(Object(Illuminate\\Http\\Request), Object(Closure))
#55 /Users/samir/School/Code/2020_ADSD_Semester2_TeamB2/vendor/laravel/framework/src/Illuminate/Pipeline/Pipeline.php(103): Illuminate\\Pipeline\\Pipeline->Illuminate\\Pipeline\\{closure}(Object(Illuminate\\Http\\Request))
#56 /Users/samir/School/Code/2020_ADSD_Semester2_TeamB2/vendor/laravel/framework/src/Illuminate/Foundation/Http/Kernel.php(141): Illuminate\\Pipeline\\Pipeline->then(Object(Closure))
#57 /Users/samir/School/Code/2020_ADSD_Semester2_TeamB2/vendor/laravel/framework/src/Illuminate/Foundation/Http/Kernel.php(110): Illuminate\\Foundation\\Http\\Kernel->sendRequestThroughRouter(Object(Illuminate\\Http\\Request))
#58 /Users/samir/School/Code/2020_ADSD_Semester2_TeamB2/public/index.php(52): Illuminate\\Foundation\\Http\\Kernel->handle(Object(Illuminate\\Http\\Request))
#59 /Users/samir/School/Code/2020_ADSD_Semester2_TeamB2/server.php(21): require_once('/Users/samir/Sc...')
#60 {main}
"} 
[2021-05-25 14:37:31] local.ERROR: Class 'Database\Seeders\Factory' not found {"exception":"[object] (Error(code: 0): Class 'Database\\Seeders\\Factory' not found at /Users/samir/School/Code/2020_ADSD_Semester2_TeamB2/database/seeders/UsersTableSeeder.php:80)
[stacktrace]
#0 /Users/samir/School/Code/2020_ADSD_Semester2_TeamB2/vendor/laravel/framework/src/Illuminate/Container/BoundMethod.php(36): Database\\Seeders\\UsersTableSeeder->run()
#1 /Users/samir/School/Code/2020_ADSD_Semester2_TeamB2/vendor/laravel/framework/src/Illuminate/Container/Util.php(40): Illuminate\\Container\\BoundMethod::Illuminate\\Container\\{closure}()
#2 /Users/samir/School/Code/2020_ADSD_Semester2_TeamB2/vendor/laravel/framework/src/Illuminate/Container/BoundMethod.php(93): Illuminate\\Container\\Util::unwrapIfClosure(Object(Closure))
#3 /Users/samir/School/Code/2020_ADSD_Semester2_TeamB2/vendor/laravel/framework/src/Illuminate/Container/BoundMethod.php(37): Illuminate\\Container\\BoundMethod::callBoundMethod(Object(Illuminate\\Foundation\\Application), Array, Object(Closure))
#4 /Users/samir/School/Code/2020_ADSD_Semester2_TeamB2/vendor/laravel/framework/src/Illuminate/Container/Container.php(610): Illuminate\\Container\\BoundMethod::call(Object(Illuminate\\Foundation\\Application), Array, Array, NULL)
#5 /Users/samir/School/Code/2020_ADSD_Semester2_TeamB2/vendor/laravel/framework/src/Illuminate/Database/Seeder.php(149): Illuminate\\Container\\Container->call(Array, Array)
#6 /Users/samir/School/Code/2020_ADSD_Semester2_TeamB2/vendor/laravel/framework/src/Illuminate/Database/Seeder.php(49): Illuminate\\Database\\Seeder->__invoke(Array)
#7 /Users/samir/School/Code/2020_ADSD_Semester2_TeamB2/database/seeders/DatabaseSeeder.php(25): Illuminate\\Database\\Seeder->call('Database\\\\Seeder...')
#8 /Users/samir/School/Code/2020_ADSD_Semester2_TeamB2/vendor/laravel/framework/src/Illuminate/Container/BoundMethod.php(36): Database\\Seeders\\DatabaseSeeder->run()
#9 /Users/samir/School/Code/2020_ADSD_Semester2_TeamB2/vendor/laravel/framework/src/Illuminate/Container/Util.php(40): Illuminate\\Container\\BoundMethod::Illuminate\\Container\\{closure}()
#10 /Users/samir/School/Code/2020_ADSD_Semester2_TeamB2/vendor/laravel/framework/src/Illuminate/Container/BoundMethod.php(93): Illuminate\\Container\\Util::unwrapIfClosure(Object(Closure))
#11 /Users/samir/School/Code/2020_ADSD_Semester2_TeamB2/vendor/laravel/framework/src/Illuminate/Container/BoundMethod.php(37): Illuminate\\Container\\BoundMethod::callBoundMethod(Object(Illuminate\\Foundation\\Application), Array, Object(Closure))
#12 /Users/samir/School/Code/2020_ADSD_Semester2_TeamB2/vendor/laravel/framework/src/Illuminate/Container/Container.php(610): Illuminate\\Container\\BoundMethod::call(Object(Illuminate\\Foundation\\Application), Array, Array, NULL)
#13 /Users/samir/School/Code/2020_ADSD_Semester2_TeamB2/vendor/laravel/framework/src/Illuminate/Database/Seeder.php(149): Illuminate\\Container\\Container->call(Array, Array)
#14 /Users/samir/School/Code/2020_ADSD_Semester2_TeamB2/vendor/eklundkristoffer/seedster/src/Commands/SeedCommand.php(68): Illuminate\\Database\\Seeder->__invoke()
#15 /Users/samir/School/Code/2020_ADSD_Semester2_TeamB2/vendor/laravel/framework/src/Illuminate/Database/Eloquent/Concerns/GuardsAttributes.php(157): Seedster\\Commands\\SeedCommand->Seedster\\Commands\\{closure}()
#16 /Users/samir/School/Code/2020_ADSD_Semester2_TeamB2/vendor/eklundkristoffer/seedster/src/Commands/SeedCommand.php(69): Illuminate\\Database\\Eloquent\\Model::unguarded(Object(Closure))
#17 /Users/samir/School/Code/2020_ADSD_Semester2_TeamB2/vendor/laravel/framework/src/Illuminate/Collections/Traits/EnumeratesValues.php(234): Seedster\\Commands\\SeedCommand->Seedster\\Commands\\{closure}('Database\\\\Seeder...', 4)
#18 /Users/samir/School/Code/2020_ADSD_Semester2_TeamB2/vendor/eklundkristoffer/seedster/src/Commands/SeedCommand.php(70): Illuminate\\Support\\Collection->each(Object(Closure))
#19 /Users/samir/School/Code/2020_ADSD_Semester2_TeamB2/vendor/laravel/framework/src/Illuminate/Container/BoundMethod.php(36): Seedster\\Commands\\SeedCommand->handle()
#20 /Users/samir/School/Code/2020_ADSD_Semester2_TeamB2/vendor/laravel/framework/src/Illuminate/Container/Util.php(40): Illuminate\\Container\\BoundMethod::Illuminate\\Container\\{closure}()
#21 /Users/samir/School/Code/2020_ADSD_Semester2_TeamB2/vendor/laravel/framework/src/Illuminate/Container/BoundMethod.php(93): Illuminate\\Container\\Util::unwrapIfClosure(Object(Closure))
#22 /Users/samir/School/Code/2020_ADSD_Semester2_TeamB2/vendor/laravel/framework/src/Illuminate/Container/BoundMethod.php(37): Illuminate\\Container\\BoundMethod::callBoundMethod(Object(Illuminate\\Foundation\\Application), Array, Object(Closure))
#23 /Users/samir/School/Code/2020_ADSD_Semester2_TeamB2/vendor/laravel/framework/src/Illuminate/Container/Container.php(610): Illuminate\\Container\\BoundMethod::call(Object(Illuminate\\Foundation\\Application), Array, Array, NULL)
#24 /Users/samir/School/Code/2020_ADSD_Semester2_TeamB2/vendor/laravel/framework/src/Illuminate/Console/Command.php(136): Illuminate\\Container\\Container->call(Array)
#25 /Users/samir/School/Code/2020_ADSD_Semester2_TeamB2/vendor/symfony/console/Command/Command.php(255): Illuminate\\Console\\Command->execute(Object(Symfony\\Component\\Console\\Input\\ArgvInput), Object(Illuminate\\Console\\OutputStyle))
#26 /Users/samir/School/Code/2020_ADSD_Semester2_TeamB2/vendor/laravel/framework/src/Illuminate/Console/Command.php(121): Symfony\\Component\\Console\\Command\\Command->run(Object(Symfony\\Component\\Console\\Input\\ArgvInput), Object(Illuminate\\Console\\OutputStyle))
#27 /Users/samir/School/Code/2020_ADSD_Semester2_TeamB2/vendor/symfony/console/Application.php(971): Illuminate\\Console\\Command->run(Object(Symfony\\Component\\Console\\Input\\ArgvInput), Object(Symfony\\Component\\Console\\Output\\ConsoleOutput))
#28 /Users/samir/School/Code/2020_ADSD_Semester2_TeamB2/vendor/symfony/console/Application.php(290): Symfony\\Component\\Console\\Application->doRunCommand(Object(Seedster\\Commands\\SeedCommand), Object(Symfony\\Component\\Console\\Input\\ArgvInput), Object(Symfony\\Component\\Console\\Output\\ConsoleOutput))
#29 /Users/samir/School/Code/2020_ADSD_Semester2_TeamB2/vendor/symfony/console/Application.php(166): Symfony\\Component\\Console\\Application->doRun(Object(Symfony\\Component\\Console\\Input\\ArgvInput), Object(Symfony\\Component\\Console\\Output\\ConsoleOutput))
#30 /Users/samir/School/Code/2020_ADSD_Semester2_TeamB2/vendor/laravel/framework/src/Illuminate/Console/Application.php(93): Symfony\\Component\\Console\\Application->run(Object(Symfony\\Component\\Console\\Input\\ArgvInput), Object(Symfony\\Component\\Console\\Output\\ConsoleOutput))
#31 /Users/samir/School/Code/2020_ADSD_Semester2_TeamB2/vendor/laravel/framework/src/Illuminate/Foundation/Console/Kernel.php(129): Illuminate\\Console\\Application->run(Object(Symfony\\Component\\Console\\Input\\ArgvInput), Object(Symfony\\Component\\Console\\Output\\ConsoleOutput))
#32 /Users/samir/School/Code/2020_ADSD_Semester2_TeamB2/artisan(37): Illuminate\\Foundation\\Console\\Kernel->handle(Object(Symfony\\Component\\Console\\Input\\ArgvInput), Object(Symfony\\Component\\Console\\Output\\ConsoleOutput))
#33 {main}
"} 
[2021-05-25 14:39:16] local.ERROR: Class 'Database\Seeders\Scan' not found {"exception":"[object] (Error(code: 0): Class 'Database\\Seeders\\Scan' not found at /Users/samir/School/Code/2020_ADSD_Semester2_TeamB2/database/seeders/UsersTableSeeder.php:83)
[stacktrace]
#0 /Users/samir/School/Code/2020_ADSD_Semester2_TeamB2/vendor/laravel/framework/src/Illuminate/Container/BoundMethod.php(36): Database\\Seeders\\UsersTableSeeder->run()
#1 /Users/samir/School/Code/2020_ADSD_Semester2_TeamB2/vendor/laravel/framework/src/Illuminate/Container/Util.php(40): Illuminate\\Container\\BoundMethod::Illuminate\\Container\\{closure}()
#2 /Users/samir/School/Code/2020_ADSD_Semester2_TeamB2/vendor/laravel/framework/src/Illuminate/Container/BoundMethod.php(93): Illuminate\\Container\\Util::unwrapIfClosure(Object(Closure))
#3 /Users/samir/School/Code/2020_ADSD_Semester2_TeamB2/vendor/laravel/framework/src/Illuminate/Container/BoundMethod.php(37): Illuminate\\Container\\BoundMethod::callBoundMethod(Object(Illuminate\\Foundation\\Application), Array, Object(Closure))
#4 /Users/samir/School/Code/2020_ADSD_Semester2_TeamB2/vendor/laravel/framework/src/Illuminate/Container/Container.php(610): Illuminate\\Container\\BoundMethod::call(Object(Illuminate\\Foundation\\Application), Array, Array, NULL)
#5 /Users/samir/School/Code/2020_ADSD_Semester2_TeamB2/vendor/laravel/framework/src/Illuminate/Database/Seeder.php(149): Illuminate\\Container\\Container->call(Array, Array)
#6 /Users/samir/School/Code/2020_ADSD_Semester2_TeamB2/vendor/laravel/framework/src/Illuminate/Database/Seeder.php(49): Illuminate\\Database\\Seeder->__invoke(Array)
#7 /Users/samir/School/Code/2020_ADSD_Semester2_TeamB2/database/seeders/DatabaseSeeder.php(25): Illuminate\\Database\\Seeder->call('Database\\\\Seeder...')
#8 /Users/samir/School/Code/2020_ADSD_Semester2_TeamB2/vendor/laravel/framework/src/Illuminate/Container/BoundMethod.php(36): Database\\Seeders\\DatabaseSeeder->run()
#9 /Users/samir/School/Code/2020_ADSD_Semester2_TeamB2/vendor/laravel/framework/src/Illuminate/Container/Util.php(40): Illuminate\\Container\\BoundMethod::Illuminate\\Container\\{closure}()
#10 /Users/samir/School/Code/2020_ADSD_Semester2_TeamB2/vendor/laravel/framework/src/Illuminate/Container/BoundMethod.php(93): Illuminate\\Container\\Util::unwrapIfClosure(Object(Closure))
#11 /Users/samir/School/Code/2020_ADSD_Semester2_TeamB2/vendor/laravel/framework/src/Illuminate/Container/BoundMethod.php(37): Illuminate\\Container\\BoundMethod::callBoundMethod(Object(Illuminate\\Foundation\\Application), Array, Object(Closure))
#12 /Users/samir/School/Code/2020_ADSD_Semester2_TeamB2/vendor/laravel/framework/src/Illuminate/Container/Container.php(610): Illuminate\\Container\\BoundMethod::call(Object(Illuminate\\Foundation\\Application), Array, Array, NULL)
#13 /Users/samir/School/Code/2020_ADSD_Semester2_TeamB2/vendor/laravel/framework/src/Illuminate/Database/Seeder.php(149): Illuminate\\Container\\Container->call(Array, Array)
#14 /Users/samir/School/Code/2020_ADSD_Semester2_TeamB2/vendor/eklundkristoffer/seedster/src/Commands/SeedCommand.php(68): Illuminate\\Database\\Seeder->__invoke()
#15 /Users/samir/School/Code/2020_ADSD_Semester2_TeamB2/vendor/laravel/framework/src/Illuminate/Database/Eloquent/Concerns/GuardsAttributes.php(157): Seedster\\Commands\\SeedCommand->Seedster\\Commands\\{closure}()
#16 /Users/samir/School/Code/2020_ADSD_Semester2_TeamB2/vendor/eklundkristoffer/seedster/src/Commands/SeedCommand.php(69): Illuminate\\Database\\Eloquent\\Model::unguarded(Object(Closure))
#17 /Users/samir/School/Code/2020_ADSD_Semester2_TeamB2/vendor/laravel/framework/src/Illuminate/Collections/Traits/EnumeratesValues.php(234): Seedster\\Commands\\SeedCommand->Seedster\\Commands\\{closure}('Database\\\\Seeder...', 4)
#18 /Users/samir/School/Code/2020_ADSD_Semester2_TeamB2/vendor/eklundkristoffer/seedster/src/Commands/SeedCommand.php(70): Illuminate\\Support\\Collection->each(Object(Closure))
#19 /Users/samir/School/Code/2020_ADSD_Semester2_TeamB2/vendor/laravel/framework/src/Illuminate/Container/BoundMethod.php(36): Seedster\\Commands\\SeedCommand->handle()
#20 /Users/samir/School/Code/2020_ADSD_Semester2_TeamB2/vendor/laravel/framework/src/Illuminate/Container/Util.php(40): Illuminate\\Container\\BoundMethod::Illuminate\\Container\\{closure}()
#21 /Users/samir/School/Code/2020_ADSD_Semester2_TeamB2/vendor/laravel/framework/src/Illuminate/Container/BoundMethod.php(93): Illuminate\\Container\\Util::unwrapIfClosure(Object(Closure))
#22 /Users/samir/School/Code/2020_ADSD_Semester2_TeamB2/vendor/laravel/framework/src/Illuminate/Container/BoundMethod.php(37): Illuminate\\Container\\BoundMethod::callBoundMethod(Object(Illuminate\\Foundation\\Application), Array, Object(Closure))
#23 /Users/samir/School/Code/2020_ADSD_Semester2_TeamB2/vendor/laravel/framework/src/Illuminate/Container/Container.php(610): Illuminate\\Container\\BoundMethod::call(Object(Illuminate\\Foundation\\Application), Array, Array, NULL)
#24 /Users/samir/School/Code/2020_ADSD_Semester2_TeamB2/vendor/laravel/framework/src/Illuminate/Console/Command.php(136): Illuminate\\Container\\Container->call(Array)
#25 /Users/samir/School/Code/2020_ADSD_Semester2_TeamB2/vendor/symfony/console/Command/Command.php(255): Illuminate\\Console\\Command->execute(Object(Symfony\\Component\\Console\\Input\\ArgvInput), Object(Illuminate\\Console\\OutputStyle))
#26 /Users/samir/School/Code/2020_ADSD_Semester2_TeamB2/vendor/laravel/framework/src/Illuminate/Console/Command.php(121): Symfony\\Component\\Console\\Command\\Command->run(Object(Symfony\\Component\\Console\\Input\\ArgvInput), Object(Illuminate\\Console\\OutputStyle))
#27 /Users/samir/School/Code/2020_ADSD_Semester2_TeamB2/vendor/symfony/console/Application.php(971): Illuminate\\Console\\Command->run(Object(Symfony\\Component\\Console\\Input\\ArgvInput), Object(Symfony\\Component\\Console\\Output\\ConsoleOutput))
#28 /Users/samir/School/Code/2020_ADSD_Semester2_TeamB2/vendor/symfony/console/Application.php(290): Symfony\\Component\\Console\\Application->doRunCommand(Object(Seedster\\Commands\\SeedCommand), Object(Symfony\\Component\\Console\\Input\\ArgvInput), Object(Symfony\\Component\\Console\\Output\\ConsoleOutput))
#29 /Users/samir/School/Code/2020_ADSD_Semester2_TeamB2/vendor/symfony/console/Application.php(166): Symfony\\Component\\Console\\Application->doRun(Object(Symfony\\Component\\Console\\Input\\ArgvInput), Object(Symfony\\Component\\Console\\Output\\ConsoleOutput))
#30 /Users/samir/School/Code/2020_ADSD_Semester2_TeamB2/vendor/laravel/framework/src/Illuminate/Console/Application.php(93): Symfony\\Component\\Console\\Application->run(Object(Symfony\\Component\\Console\\Input\\ArgvInput), Object(Symfony\\Component\\Console\\Output\\ConsoleOutput))
#31 /Users/samir/School/Code/2020_ADSD_Semester2_TeamB2/vendor/laravel/framework/src/Illuminate/Foundation/Console/Kernel.php(129): Illuminate\\Console\\Application->run(Object(Symfony\\Component\\Console\\Input\\ArgvInput), Object(Symfony\\Component\\Console\\Output\\ConsoleOutput))
#32 /Users/samir/School/Code/2020_ADSD_Semester2_TeamB2/artisan(37): Illuminate\\Foundation\\Console\\Kernel->handle(Object(Symfony\\Component\\Console\\Input\\ArgvInput), Object(Symfony\\Component\\Console\\Output\\ConsoleOutput))
#33 {main}
"} 
